0 verbose cli C:\Program Files\nodejs\node.exe C:\Users\stivs\AppData\Roaming\npm\node_modules\npm\bin\npm-cli.js
1 info using npm@10.5.2
2 info using node@v20.12.2
3 timing npm:load:whichnode Completed in 2ms
4 timing config:load:defaults Completed in 1ms
5 timing config:load:file:C:\Users\stivs\AppData\Roaming\npm\node_modules\npm\npmrc Completed in 1ms
6 timing config:load:builtin Completed in 3ms
7 timing config:load:cli Completed in 2ms
8 timing config:load:env Completed in 0ms
9 timing config:load:file:C:\Users\stivs\Desktop\OpenFullStack\React\part9\DiarioVuelos\.npmrc Completed in 0ms
10 timing config:load:project Completed in 26ms
11 timing config:load:file:C:\Users\stivs\.npmrc Completed in 0ms
12 timing config:load:user Completed in 0ms
13 timing config:load:file:C:\Users\stivs\AppData\Roaming\npm\etc\npmrc Completed in 1ms
14 timing config:load:global Completed in 1ms
15 timing config:load:setEnvs Completed in 0ms
16 timing config:load Completed in 34ms
17 timing npm:load:configload Completed in 35ms
18 timing config:load:flatten Completed in 2ms
19 timing npm:load:mkdirpcache Completed in 0ms
20 timing npm:load:mkdirplogs Completed in 1ms
21 verbose title npm run eslint ./node_modules/.cache/.eslintcache
22 verbose argv "run" "eslint" "--cache" "--cache-location" "./node_modules/.cache/.eslintcache" "--fix"
23 timing npm:load:setTitle Completed in 1ms
24 timing npm:load:display Completed in 1ms
25 verbose logfile logs-max:10 dir:C:\Users\stivs\Desktop\OpenFullStack\React\part9\DiarioVuelos\--cache-location\_logs\2024-10-20T20_57_35_741Z-
26 verbose logfile C:\Users\stivs\Desktop\OpenFullStack\React\part9\DiarioVuelos\--cache-location\_logs\2024-10-20T20_57_35_741Z-debug-0.log
27 timing npm:load:logFile Completed in 3ms
28 timing npm:load:timers Completed in 0ms
29 timing npm:load:configScope Completed in 0ms
30 timing npm:load Completed in 62ms
31 silly logfile done cleaning log files
32 timing command:run Completed in 310ms
33 verbose stack Error: Missing script: "eslint"
33 verbose stack
33 verbose stack Did you mean this?
33 verbose stack     npm run lint # run the "lint" package script
33 verbose stack
33 verbose stack To see a list of scripts, run:
33 verbose stack   npm run
33 verbose stack     at RunScript.run (C:\Users\stivs\AppData\Roaming\npm\node_modules\npm\lib\commands\run-script.js:94:13)
33 verbose stack     at async module.exports (C:\Users\stivs\AppData\Roaming\npm\node_modules\npm\lib\cli-entry.js:61:5)
34 verbose cwd C:\Users\stivs\Desktop\OpenFullStack\React\part9\DiarioVuelos
35 verbose Windows_NT 10.0.22631
36 verbose node v20.12.2
37 verbose npm  v10.5.2
38 error Missing script: "eslint"
38 error
38 error Did you mean this?
38 error     npm run lint # run the "lint" package script
38 error
38 error To see a list of scripts, run:
38 error   npm run
39 verbose exit 1
40 timing npm Completed in 399ms
41 verbose code 1
42 error A complete log of this run can be found in: C:\Users\stivs\Desktop\OpenFullStack\React\part9\DiarioVuelos\--cache-location\_logs\2024-10-20T20_57_35_741Z-debug-0.log
